TN:
SF:src/app.ts
FN:15,(anonymous_1)
FNF:1
FNH:1
FNDA:1,(anonymous_1)
DA:1,1
DA:2,1
DA:3,1
DA:5,1
DA:7,1
DA:8,1
DA:10,1
DA:11,1
DA:13,1
DA:15,1
DA:16,1
DA:19,1
LF:12
LH:12
BRDA:8,0,0,1
BRDA:8,0,1,1
BRF:2
BRH:2
end_of_record
TN:
SF:src/infrastructure/controllers/messageCtrl.ts
FN:5,(anonymous_7)
FN:8,(anonymous_8)
FNF:2
FNH:2
FNDA:1,(anonymous_7)
FNDA:1,(anonymous_8)
DA:2,1
DA:3,1
DA:5,1
DA:8,1
DA:9,1
DA:11,1
DA:12,1
DA:13,1
DA:15,0
LF:9
LH:8
BRF:0
BRH:0
end_of_record
TN:
SF:src/infrastructure/errors/handle.errors.ts
FN:3,(anonymous_0)
FN:13,(anonymous_1)
FN:21,(anonymous_2)
FN:28,(anonymous_3)
FN:35,(anonymous_4)
FN:42,(anonymous_5)
FN:49,(anonymous_6)
FNF:7
FNH:2
FNDA:1,(anonymous_0)
FNDA:1,(anonymous_1)
FNDA:0,(anonymous_2)
FNDA:0,(anonymous_3)
FNDA:0,(anonymous_4)
FNDA:0,(anonymous_5)
FNDA:0,(anonymous_6)
DA:3,1
DA:4,1
DA:5,1
DA:6,1
DA:7,1
DA:8,1
DA:9,1
DA:12,1
DA:14,1
DA:22,0
DA:29,0
DA:36,0
DA:43,0
DA:50,0
LF:14
LH:9
BRDA:3,0,0,1
BRDA:3,0,1,1
BRF:2
BRH:2
end_of_record
TN:
SF:src/infrastructure/helpers/api.ts
FN:4,(anonymous_7)
FN:7,(anonymous_8)
FN:23,(anonymous_9)
FNF:3
FNH:0
FNDA:0,(anonymous_7)
FNDA:0,(anonymous_8)
FNDA:0,(anonymous_9)
DA:1,1
DA:4,1
DA:7,0
DA:8,0
DA:9,0
DA:13,0
DA:15,0
DA:19,0
DA:23,1
DA:24,0
DA:26,0
DA:27,0
DA:28,0
DA:43,0
DA:46,0
DA:48,0
LF:16
LH:3
BRDA:17,0,0,0
BRDA:17,0,1,0
BRDA:17,1,0,0
BRDA:17,1,1,0
BRDA:17,2,0,0
BRDA:17,2,1,0
BRDA:24,3,0,0
BRDA:24,3,1,0
BRDA:24,4,0,0
BRDA:24,4,1,0
BRDA:24,5,0,0
BRDA:24,5,1,0
BRDA:26,6,0,0
BRDA:26,6,1,0
BRDA:43,7,0,0
BRDA:43,7,1,0
BRF:16
BRH:0
end_of_record
TN:
SF:src/infrastructure/helpers/axios.ts
FN:7,callInstance
FN:9,(anonymous_2)
FN:13,(anonymous_3)
FNF:3
FNH:1
FNDA:1,callInstance
FNDA:0,(anonymous_2)
FNDA:0,(anonymous_3)
DA:1,1
DA:2,1
DA:4,1
DA:5,1
DA:8,1
DA:10,0
DA:11,0
DA:14,0
DA:24,1
LF:9
LH:6
BRF:0
BRH:0
end_of_record
TN:
SF:src/infrastructure/routes/messages.ts
FNF:0
FNH:0
DA:1,1
DA:2,1
DA:4,1
DA:6,1
DA:8,1
LF:5
LH:5
BRF:0
BRH:0
end_of_record
TN:
SF:src/infrastructure/services/message.services.ts
FN:4,(anonymous_7)
FN:4,(anonymous_8)
FNF:2
FNH:2
FNDA:1,(anonymous_7)
FNDA:1,(anonymous_8)
DA:1,1
DA:4,1
DA:5,1
DA:6,1
DA:7,0
DA:11,0
DA:13,1
DA:15,0
LF:8
LH:5
BRDA:6,0,0,0
BRDA:6,1,0,1
BRDA:6,1,1,1
BRF:3
BRH:2
end_of_record
